<?xml version="1.0" encoding="UTF-8"?>
<!-- Generated by org.testng.reporters.JUnitReportReporter -->
<testsuite hostname="MWDH-Work2" failures="0" tests="1" name="ass5ApplyingParentaxesmethod.ChromWebDriverParentMethod" time="0.200" errors="0" timestamp="2022-07-31T02:07:49 AST" skipped="0">
  <testcase classname="ass5ApplyingParentaxesmethod.ChromWebDriverParentMethod" name="LearnEnglishWebSite" time="0.200"/>
  <system-out/>
</testsuite> <!-- ass5ApplyingParentaxesmethod.ChromWebDriverParentMethod -->
